<?xml version="1.0" encoding="UTF-8"?>
<testng-results skipped="0" failed="0" total="1" passed="1">
  <reporter-output>
  </reporter-output>
  <suite name="Default suite" duration-ms="13517" started-at="2016-05-21T00:29:40Z" finished-at="2016-05-21T00:29:54Z">
    <groups>
    </groups>
    <test name="Default test" duration-ms="13517" started-at="2016-05-21T00:29:40Z" finished-at="2016-05-21T00:29:54Z">
      <class name="com.google.test.google.iRobotTests">
        <test-method status="PASS" signature="installAPK()[pri:0, instance:com.google.test.google.iRobotTests@523884b2]" name="installAPK" duration-ms="13502" started-at="2016-05-20T20:29:40Z" finished-at="2016-05-20T20:29:54Z">
          <reporter-output>
          </reporter-output>
        </test-method> <!-- installAPK -->
      </class> <!-- com.google.test.google.iRobotTests -->
    </test> <!-- Default test -->
  </suite> <!-- Default suite -->
</testng-results>
