<?xml version="1.0" encoding="UTF-8"?>
<testng-results skipped="1" failed="0" total="1" passed="0">
  <reporter-output>
  </reporter-output>
  <suite name="Default suite" duration-ms="1707" started-at="2016-06-13T21:55:55Z" finished-at="2016-06-13T21:55:56Z">
    <groups>
    </groups>
    <test name="Default test" duration-ms="1707" started-at="2016-06-13T21:55:55Z" finished-at="2016-06-13T21:55:56Z">
      <class name="com.google.test.AppiumTest">
        <test-method status="FAIL" signature="setUp()[pri:0, instance:com.google.test.AppiumTest@3ffc5af1]" name="setUp" is-config="true" duration-ms="0" started-at="2016-06-13T17:55:55Z" finished-at="2016-06-13T17:55:55Z">
          <exception class="org.openqa.selenium.WebDriverException">
            <message>
              <![CDATA[An unknown server-side error occurred while processing the command. Original error: Could not find a device to launch. You requested 'iPhone 6s (9.2) [', but the available devices were: ["iPhone (9.2) [5960cdda23fdd65a301fae9b2d8add11aa96e721]","Apple TV 1080p (9.2) [C7E15C6C-6690-4674-BEF3-87BBDC3019CA] (Simulator)","iPad 2 (9.3) [859B4F7F-D694-4561-8DBD-8191E0515456] (Simulator)","iPad Air (9.3) [D888AE81-B32A-4B9E-B04C-B58B63117EDE] (Simulator)","iPad Air 2 (9.3) [A54793CF-3EDC-4ED4-B501-71D289E2CA85] (Simulator)","iPad Pro (9.3) [24E6AB86-06A6-43BA-AAAC-160C3BCE57E3] (Simulator)","iPad Retina (9.3) [45689859-37AD-480C-B39D-0F46082D1ED1] (Simulator)","iPhone 4s (9.3) [90194203-5A21-45F4-832F-39FEFC90FD0E] (Simulator)","iPhone 5 (9.3) [1420F78E-E15A-4A99-9831-F0D8B5E8CC5A] (Simulator)","iPhone 5s (9.3) [0E6471AF-276D-4939-A9F8-9495C0A2196F] (Simulator)","iPhone 6 (9.3) [D8FC3B4F-B7C1-4D92-B4DC-3968D5913724] (Simulator)","iPhone 6 Plus (9.3) [11EAB88C-0DD5-4D0D-A556-DBC367CE5AA5] (Simulator)","iPhone 6s (9.3) [B8A16250-27CD-49EB-BE09-2A378B3A2942] (Simulator)","iPhone 6s (9.3) + Apple Watch - 38mm (2.2) [ECD5F581-F858-4898-BBF1-243D2F0D0765] (Simulator)","iPhone 6s Plus (9.3) [18AEC129-7085-4D51-85CD-87C1E2BD9D38] (Simulator)","iPhone 6s Plus (9.3) + Apple Watch - 42mm (2.2) [B04B2F6B-FC22-4D90-B9B4-FF4E96F3574C] (Simulator)"] (WARNING: The server did not provide any stacktrace information)
Command duration or timeout: 1.38 seconds
Build info: version: '2.53.0', revision: '35ae25b1534ae328c771e0856c93e187490ca824', time: '2016-03-15 10:43:46'
System info: host: 'irbt-4576.wardrobe.irobot.com', ip: '10.70.22.151', os.name: 'Mac OS X', os.arch: 'x86_64', os.version: '10.11.5', java.version: '1.8.0_31'
Driver info: io.appium.java_client.ios.IOSDriver]]>
            </message>
            <full-stacktrace>
              <![CDATA[org.openqa.selenium.WebDriverException: An unknown server-side error occurred while processing the command. Original error: Could not find a device to launch. You requested 'iPhone 6s (9.2) [', but the available devices were: ["iPhone (9.2) [5960cdda23fdd65a301fae9b2d8add11aa96e721]","Apple TV 1080p (9.2) [C7E15C6C-6690-4674-BEF3-87BBDC3019CA] (Simulator)","iPad 2 (9.3) [859B4F7F-D694-4561-8DBD-8191E0515456] (Simulator)","iPad Air (9.3) [D888AE81-B32A-4B9E-B04C-B58B63117EDE] (Simulator)","iPad Air 2 (9.3) [A54793CF-3EDC-4ED4-B501-71D289E2CA85] (Simulator)","iPad Pro (9.3) [24E6AB86-06A6-43BA-AAAC-160C3BCE57E3] (Simulator)","iPad Retina (9.3) [45689859-37AD-480C-B39D-0F46082D1ED1] (Simulator)","iPhone 4s (9.3) [90194203-5A21-45F4-832F-39FEFC90FD0E] (Simulator)","iPhone 5 (9.3) [1420F78E-E15A-4A99-9831-F0D8B5E8CC5A] (Simulator)","iPhone 5s (9.3) [0E6471AF-276D-4939-A9F8-9495C0A2196F] (Simulator)","iPhone 6 (9.3) [D8FC3B4F-B7C1-4D92-B4DC-3968D5913724] (Simulator)","iPhone 6 Plus (9.3) [11EAB88C-0DD5-4D0D-A556-DBC367CE5AA5] (Simulator)","iPhone 6s (9.3) [B8A16250-27CD-49EB-BE09-2A378B3A2942] (Simulator)","iPhone 6s (9.3) + Apple Watch - 38mm (2.2) [ECD5F581-F858-4898-BBF1-243D2F0D0765] (Simulator)","iPhone 6s Plus (9.3) [18AEC129-7085-4D51-85CD-87C1E2BD9D38] (Simulator)","iPhone 6s Plus (9.3) + Apple Watch - 42mm (2.2) [B04B2F6B-FC22-4D90-B9B4-FF4E96F3574C] (Simulator)"] (WARNING: The server did not provide any stacktrace information)
Command duration or timeout: 1.38 seconds
Build info: version: '2.53.0', revision: '35ae25b1534ae328c771e0856c93e187490ca824', time: '2016-03-15 10:43:46'
System info: host: 'irbt-4576.wardrobe.irobot.com', ip: '10.70.22.151', os.name: 'Mac OS X', os.arch: 'x86_64', os.version: '10.11.5', java.version: '1.8.0_31'
Driver info: io.appium.java_client.ios.IOSDriver
	at sun.reflect.NativeConstructorAccessorImpl.newInstance0(Native Method)
	at sun.reflect.NativeConstructorAccessorImpl.newInstance(NativeConstructorAccessorImpl.java:62)
	at sun.reflect.DelegatingConstructorAccessorImpl.newInstance(DelegatingConstructorAccessorImpl.java:45)
	at java.lang.reflect.Constructor.newInstance(Constructor.java:408)
	at org.openqa.selenium.remote.ErrorHandler.createThrowable(ErrorHandler.java:206)
	at org.openqa.selenium.remote.ErrorHandler.throwIfResponseFailed(ErrorHandler.java:158)
	at org.openqa.selenium.remote.RemoteWebDriver.execute(RemoteWebDriver.java:678)
	at io.appium.java_client.DefaultGenericMobileDriver.execute(DefaultGenericMobileDriver.java:43)
	at io.appium.java_client.AppiumDriver.execute(AppiumDriver.java:1)
	at io.appium.java_client.ios.IOSDriver.execute(IOSDriver.java:1)
	at org.openqa.selenium.remote.RemoteWebDriver.startSession(RemoteWebDriver.java:249)
	at org.openqa.selenium.remote.RemoteWebDriver.<init>(RemoteWebDriver.java:131)
	at org.openqa.selenium.remote.RemoteWebDriver.<init>(RemoteWebDriver.java:144)
	at io.appium.java_client.DefaultGenericMobileDriver.<init>(DefaultGenericMobileDriver.java:39)
	at io.appium.java_client.AppiumDriver.<init>(AppiumDriver.java:69)
	at io.appium.java_client.AppiumDriver.<init>(AppiumDriver.java:78)
	at io.appium.java_client.ios.IOSDriver.<init>(IOSDriver.java:55)
	at com.google.test.AppiumTest.setUp(AppiumTest.java:35)
	at sun.reflect.NativeMethodAccessorImpl.invoke0(Native Method)
	at sun.reflect.NativeMethodAccessorImpl.invoke(NativeMethodAccessorImpl.java:62)
	at sun.reflect.DelegatingMethodAccessorImpl.invoke(DelegatingMethodAccessorImpl.java:43)
	at java.lang.reflect.Method.invoke(Method.java:483)
	at org.testng.internal.MethodInvocationHelper.invokeMethod(MethodInvocationHelper.java:86)
	at org.testng.internal.Invoker.invokeConfigurationMethod(Invoker.java:514)
	at org.testng.internal.Invoker.invokeConfigurations(Invoker.java:215)
	at org.testng.internal.Invoker.invokeConfigurations(Invoker.java:142)
	at org.testng.TestRunner.beforeRun(TestRunner.java:656)
	at org.testng.TestRunner.run(TestRunner.java:624)
	at org.testng.SuiteRunner.runTest(SuiteRunner.java:366)
	at org.testng.SuiteRunner.runSequentially(SuiteRunner.java:361)
	at org.testng.SuiteRunner.privateRun(SuiteRunner.java:319)
	at org.testng.SuiteRunner.run(SuiteRunner.java:268)
	at org.testng.SuiteRunnerWorker.runSuite(SuiteRunnerWorker.java:52)
	at org.testng.SuiteRunnerWorker.run(SuiteRunnerWorker.java:86)
	at org.testng.TestNG.runSuitesSequentially(TestNG.java:1244)
	at org.testng.TestNG.runSuitesLocally(TestNG.java:1169)
	at org.testng.TestNG.run(TestNG.java:1064)
	at org.testng.remote.AbstractRemoteTestNG.run(AbstractRemoteTestNG.java:126)
	at org.testng.remote.RemoteTestNG.initAndRun(RemoteTestNG.java:137)
	at org.testng.remote.RemoteTestNG.main(RemoteTestNG.java:58)
]]>
            </full-stacktrace>
          </exception> <!-- org.openqa.selenium.WebDriverException -->
          <reporter-output>
          </reporter-output>
        </test-method> <!-- setUp -->
        <test-method status="SKIP" signature="runTest()[pri:0, instance:com.google.test.AppiumTest@3ffc5af1]" name="runTest" duration-ms="2" started-at="2016-06-13T17:55:56Z" finished-at="2016-06-13T17:55:56Z">
          <reporter-output>
          </reporter-output>
        </test-method> <!-- runTest -->
        <test-method status="SKIP" signature="tearDown()[pri:0, instance:com.google.test.AppiumTest@3ffc5af1]" name="tearDown" is-config="true" duration-ms="0" started-at="2016-06-13T17:55:56Z" finished-at="2016-06-13T17:55:56Z">
          <reporter-output>
          </reporter-output>
        </test-method> <!-- tearDown -->
      </class> <!-- com.google.test.AppiumTest -->
    </test> <!-- Default test -->
  </suite> <!-- Default suite -->
</testng-results>
